Build started 2016-01-16 10:30:48 PM.
     1>Project "C:\Users\mzgao\documents\visual studio 2013\Projects\Cavestory\Cavestory\Cavestory.vcxproj" on node 2 (Build target(s)).
     1>ClCompile:
         C:\Program Files (x86)\Microsoft Visual Studio 12.0\VC\bin\CL.exe /c /ZI /nologo /W3 /WX- /sdl /Od /Oy- /D WIN32 /D _DEBUG /D _WINDOWS /D _UNICODE /D UNICODE /Gm /EHsc /RTC1 /MDd /GS /fp:precise /Zc:wchar_t /Zc:forScope /Fo"Debug\\" /Fd"Debug\vc120.pdb" /Gd /TP /analyze- /errorReport:prompt animatedsprite.cpp game.cpp
         game.cpp
     1>c:\users\mzgao\documents\visual studio 2013\projects\cavestory\cavestory\game.cpp(38): warning C4244: 'argument' : conversion from 'float' to 'int', possible loss of data
     1>c:\users\mzgao\documents\visual studio 2013\projects\cavestory\cavestory\game.cpp(79): warning C4244: 'argument' : conversion from 'const int' to 'float', possible loss of data
         animatedsprite.cpp
     1>c:\users\mzgao\documents\visual studio 2013\projects\cavestory\cavestory\animatedsprite.cpp(63): warning C4018: '<' : signed/unsigned mismatch
     1>c:\users\mzgao\documents\visual studio 2013\projects\cavestory\cavestory\animatedsprite.cpp(81): warning C4244: '=' : conversion from 'const float' to 'int', possible loss of data
     1>c:\users\mzgao\documents\visual studio 2013\projects\cavestory\cavestory\animatedsprite.cpp(82): warning C4244: '=' : conversion from 'const float' to 'int', possible loss of data
         Generating Code...
       Link:
         C:\Program Files (x86)\Microsoft Visual Studio 12.0\VC\bin\link.exe /ERRORREPORT:PROMPT /OUT:"C:\Users\mzgao\documents\visual studio 2013\Projects\Cavestory\Debug\Cavestory.exe" /INCREMENTAL /NOLOGO SDL2main.lib SDL2.lib SDL2_image.lib kernel32.lib user32.lib gdi32.lib winspool.lib comdlg32.lib advapi32.lib shell32.lib ole32.lib oleaut32.lib uuid.lib odbc32.lib odbccp32.lib /MANIFEST /MANIFESTUAC:"level='asInvoker' uiAccess='false'" /manifest:embed /DEBUG /PDB:"C:\Users\mzgao\documents\visual studio 2013\Projects\Cavestory\Debug\Cavestory.pdb" /SUBSYSTEM:CONSOLE /TLBID:1 /DYNAMICBASE /NXCOMPAT /IMPLIB:"C:\Users\mzgao\documents\visual studio 2013\Projects\Cavestory\Debug\Cavestory.lib" /MACHINE:X86 Debug\animatedsprite.obj
         Debug\game.obj
         Debug\graphics.obj
         Debug\input.obj
         Debug\main.obj
         Debug\sprite.obj
         Cavestory.vcxproj -> C:\Users\mzgao\documents\visual studio 2013\Projects\Cavestory\Debug\Cavestory.exe
     1>Done Building Project "C:\Users\mzgao\documents\visual studio 2013\Projects\Cavestory\Cavestory\Cavestory.vcxproj" (Build target(s)).

Build succeeded.

Time Elapsed 00:00:02.79
